0 info it worked if it ends with ok
1 verbose cli [ '/usr/local/bin/node', '/usr/local/bin/npm', 'link' ]
2 info using npm@2.15.5
3 info using node@v4.4.5
4 verbose linkPkg /Users/wangc/Desktop/geekwangc/Scaffolding
5 silly gentlyRm /usr/local/lib/node_modules/scaffolding is being purged
6 verbose gentlyRm don't care about contents; nuking /usr/local/lib/node_modules/scaffolding
7 verbose stack Error: EACCES: permission denied, symlink '/Users/wangc/Desktop/geekwangc/Scaffolding' -> '/usr/local/lib/node_modules/scaffolding'
7 verbose stack     at Error (native)
8 verbose cwd /Users/wangc/Desktop/geekwangc/Scaffolding
9 error Darwin 16.3.0
10 error argv "/usr/local/bin/node" "/usr/local/bin/npm" "link"
11 error node v4.4.5
12 error npm  v2.15.5
13 error path /Users/wangc/Desktop/geekwangc/Scaffolding
14 error code EACCES
15 error errno -13
16 error syscall symlink
17 error Error: EACCES: permission denied, symlink '/Users/wangc/Desktop/geekwangc/Scaffolding' -> '/usr/local/lib/node_modules/scaffolding'
17 error     at Error (native)
17 error  { [Error: EACCES: permission denied, symlink '/Users/wangc/Desktop/geekwangc/Scaffolding' -> '/usr/local/lib/node_modules/scaffolding']
17 error   errno: -13,
17 error   code: 'EACCES',
17 error   syscall: 'symlink',
17 error   path: '/Users/wangc/Desktop/geekwangc/Scaffolding',
17 error   dest: '/usr/local/lib/node_modules/scaffolding' }
18 error Please try running this command again as root/Administrator.
19 verbose exit [ -13, true ]
